#
# There is insufficient memory for the Java Runtime Environment to continue.
# Native memory allocation (malloc) failed to allocate 607296 bytes for Chunk::new
# Possible reasons:
#   The system is out of physical RAM or swap space
#   In 32 bit mode, the process size limit was hit
# Possible solutions:
#   Reduce memory load on the system
#   Increase physical memory or swap space
#   Check if swap backing store is full
#   Use 64 bit Java on a 64 bit OS
#   Decrease Java heap size (-Xmx/-Xms)
#   Decrease number of Java threads
#   Decrease Java thread stack sizes (-Xss)
#   Set larger code cache with -XX:ReservedCodeCacheSize=
# This output file may be truncated or incomplete.
#
#  Out of Memory Error (allocation.cpp:390), pid=16508, tid=0x0000000000002c48
#
# JRE version: Java(TM) SE Runtime Environment (8.0_181-b13) (build 1.8.0_181-b13)
# Java VM: Java HotSpot(TM) 64-Bit Server VM (25.181-b13 mixed mode windows-amd64 compressed oops)
# Failed to write core dump. Minidumps are not enabled by default on client versions of Windows
#

---------------  T H R E A D  ---------------

Current thread (0x0000000016482000):  JavaThread "C2 CompilerThread2" daemon [_thread_in_native, id=11336, stack(0x0000000017cd0000,0x0000000017dd0000)]

Stack: [0x0000000017cd0000,0x0000000017dd0000]
[error occurred during error reporting (printing stack bounds), id 0xc0000005]

Native frames: (J=compiled Java code, j=interpreted, Vv=VM code, C=native code)


Current CompileTask:
C2:   4868 3287   !   4       java.util.jar.Attributes::read (380 bytes)


---------------  P R O C E S S  ---------------

Java Threads: ( => current thread )
  0x000000001b71d800 JavaThread "Build operations Thread 12" [_thread_blocked, id=12524, stack(0x00000000210c0000,0x00000000211c0000)]
  0x000000001b71a000 JavaThread "Build operations Thread 11" [_thread_blocked, id=12592, stack(0x0000000020ec0000,0x0000000020fc0000)]
  0x000000001b720000 JavaThread "Build operations Thread 10" [_thread_blocked, id=13900, stack(0x0000000020dc0000,0x0000000020ec0000)]
  0x000000001b711800 JavaThread "Build operations Thread 9" [_thread_blocked, id=15624, stack(0x0000000020cc0000,0x0000000020dc0000)]
  0x000000001b717800 JavaThread "Build operations Thread 8" [_thread_blocked, id=1448, stack(0x0000000020bc0000,0x0000000020cc0000)]
  0x000000001b718800 JavaThread "Build operations Thread 7" [_thread_blocked, id=16104, stack(0x0000000020ac0000,0x0000000020bc0000)]
  0x000000001b717000 JavaThread "Build operations Thread 6" [_thread_blocked, id=944, stack(0x00000000209c0000,0x0000000020ac0000)]
  0x000000001b715800 JavaThread "Build operations Thread 5" [_thread_blocked, id=17256, stack(0x00000000208c0000,0x00000000209c0000)]
  0x000000001b716000 JavaThread "Build operations Thread 4" [_thread_blocked, id=16548, stack(0x00000000207c0000,0x00000000208c0000)]
  0x000000001b712800 JavaThread "Build operations Thread 3" [_thread_blocked, id=11856, stack(0x00000000206c0000,0x00000000207c0000)]
  0x000000001b714000 JavaThread "Build operations Thread 2" [_thread_blocked, id=13032, stack(0x00000000205c0000,0x00000000206c0000)]
  0x000000001b713000 JavaThread "Build operations" [_thread_blocked, id=13048, stack(0x0000000020270000,0x0000000020370000)]
  0x000000001b714800 JavaThread "Cache worker for execution history cache (C:\Users\wildt\.gradle\caches\5.3\executionHistory)" [_thread_blocked, id=508, stack(0x000000001ff70000,0x0000000020070000)]
  0x00000000193f2000 JavaThread "Cache worker for cache directory md-rule (C:\Users\wildt\.gradle\caches\5.3\md-rule)" [_thread_blocked, id=8676, stack(0x000000001f800000,0x000000001f900000)]
  0x00000000193f1800 JavaThread "Cache worker for cache directory md-supplier (C:\Users\wildt\.gradle\caches\5.3\md-supplier)" [_thread_blocked, id=15280, stack(0x000000001dfc0000,0x000000001e0c0000)]
  0x00000000193ed800 JavaThread "Cache worker for file hash cache (C:\PhoenixProject\.gradle\5.3\fileHashes)" [_thread_blocked, id=16808, stack(0x000000001e330000,0x000000001e430000)]
  0x00000000193ed000 JavaThread "Cache worker for journal cache (C:\Users\wildt\.gradle\caches\journal-1)" [_thread_blocked, id=3564, stack(0x000000001ad50000,0x000000001ae50000)]
  0x00000000193f3000 JavaThread "File lock request listener" [_thread_in_native, id=15448, stack(0x000000001ac50000,0x000000001ad50000)]
  0x00000000193f3800 JavaThread "Cache worker for file hash cache (C:\Users\wildt\.gradle\caches\5.3\fileHashes)" [_thread_blocked, id=13300, stack(0x000000001ab50000,0x000000001ac50000)]
  0x000000001919a800 JavaThread "Thread-9" [_thread_blocked, id=7028, stack(0x000000001aa50000,0x000000001ab50000)]
  0x0000000019199800 JavaThread "Stdin handler" [_thread_blocked, id=8280, stack(0x000000001a950000,0x000000001aa50000)]
  0x0000000019166800 JavaThread "Asynchronous log dispatcher for DefaultDaemonConnection: socket connection from /127.0.0.1:49968 to /127.0.0.1:49969" [_thread_blocked, id=8716, stack(0x000000001a850000,0x000000001a950000)]
  0x000000001921c000 JavaThread "Daemon worker" [_thread_in_native, id=8700, stack(0x000000001a750000,0x000000001a850000)]
  0x000000001934f800 JavaThread "Cancel handler" [_thread_blocked, id=8728, stack(0x000000001a650000,0x000000001a750000)]
  0x0000000019340800 JavaThread "Handler for socket connection from /127.0.0.1:49968 to /127.0.0.1:49969" [_thread_in_native, id=8724, stack(0x000000001a350000,0x000000001a450000)]
  0x000000001933f800 JavaThread "Daemon" [_thread_blocked, id=15144, stack(0x000000001a250000,0x000000001a350000)]
  0x000000001935c800 JavaThread "Daemon periodic checks" [_thread_blocked, id=16424, stack(0x000000001a150000,0x000000001a250000)]
  0x0000000018f3e000 JavaThread "Incoming local TCP Connector on port 49968" [_thread_in_native, id=1936, stack(0x0000000019f00000,0x000000001a000000)]
  0x0000000018d8d000 JavaThread "Daemon health stats" [_thread_blocked, id=4080, stack(0x00000000198a0000,0x00000000199a0000)]
  0x0000000016505800 JavaThread "Service Thread" daemon [_thread_blocked, id=6024, stack(0x0000000017ed0000,0x0000000017fd0000)]
  0x0000000016487000 JavaThread "C1 CompilerThread3" daemon [_thread_blocked, id=5632, stack(0x0000000017dd0000,0x0000000017ed0000)]
=>0x0000000016482000 JavaThread "C2 CompilerThread2" daemon [_thread_in_native, id=11336, stack(0x0000000017cd0000,0x0000000017dd0000)]
  0x000000001647d000 JavaThread "C2 CompilerThread1" daemon [_thread_blocked, id=2864, stack(0x0000000017bd0000,0x0000000017cd0000)]
  0x0000000016475000 JavaThread "C2 CompilerThread0" daemon [_thread_blocked, id=1292, stack(0x0000000017ad0000,0x0000000017bd0000)]
  0x0000000016472000 JavaThread "Attach Listener" daemon [_thread_blocked, id=6148, stack(0x00000000179d0000,0x0000000017ad0000)]
  0x0000000016471000 JavaThread "Signal Dispatcher" daemon [_thread_blocked, id=1300, stack(0x00000000178d0000,0x00000000179d0000)]
  0x0000000016463800 JavaThread "Finalizer" daemon [_thread_blocked, id=7316, stack(0x00000000176c0000,0x00000000177c0000)]
  0x000000000331a000 JavaThread "Reference Handler" daemon [_thread_blocked, id=7320, stack(0x00000000175c0000,0x00000000176c0000)]
  0x000000000321d800 JavaThread "main" [_thread_blocked, id=16452, stack(0x0000000003100000,0x0000000003200000)]

Other Threads:
  0x0000000014d86800 VMThread [stack: 0x00000000174c0000,0x00000000175c0000] [id=12836]
  0x0000000016495000 WatcherThread [stack: 0x0000000017fd0000,0x00000000180d0000] [id=13024]

VM state:not at safepoint (normal execution)

VM Mutex/Monitor currently owned by a thread: None

Heap:
 PSYoungGen      total 115200K, used 21339K [0x00000000f5580000, 0x00000000fe800000, 0x0000000100000000)
  eden space 107008K, 19% used [0x00000000f5580000,0x00000000f6a56cc8,0x00000000fbe00000)
  from space 8192K, 0% used [0x00000000fe000000,0x00000000fe000000,0x00000000fe800000)
  to   space 10752K, 0% used [0x00000000fd300000,0x00000000fd300000,0x00000000fdd80000)
 ParOldGen       total 175104K, used 16301K [0x00000000e0000000, 0x00000000eab00000, 0x00000000f5580000)
  object space 175104K, 9% used [0x00000000e0000000,0x00000000e0feb560,0x00000000eab00000)
 Metaspace       used 37439K, capacity 38178K, committed 38528K, reserved 1083392K
  class space    used 5208K, capacity 5420K, committed 5504K, reserved 1048576K

Card table byte_map: [0x00000000126e0000,0x00000000127f0000] byte_map_base: 0x0000000011fe0000

Marking Bits: (ParMarkBitMap*) 0x000000005e7a2d00
 Begin Bits: [0x00000000132a0000, 0x0000000013aa0000)
 End Bits:   [0x0000000013aa0000, 0x00000000142a0000)

Polling page: 0x0000000001800000

CodeCache: size=245760Kb used=11920Kb max_used=11920Kb free=233839Kb
 bounds [0x0000000003320000, 0x0000000003ed0000, 0x0000000012320000]
 total_blobs=4023 nmethods=3301 adapters=635
 compilation: enabled

Compilation events (10 events):
Event: 4.852 Thread 0x0000000016487000 3335   !   3       java.lang.Class::getEnumConstantsShared (73 bytes)
Event: 4.853 Thread 0x0000000016487000 nmethod 3335 0x0000000003ec72d0 code [0x0000000003ec74c0, 0x0000000003ec7ee8]
Event: 4.853 Thread 0x0000000016487000 3336       3       java.lang.System$2::getEnumConstantsShared (8 bytes)
Event: 4.853 Thread 0x0000000016487000 nmethod 3336 0x0000000003ec8250 code [0x0000000003ec83c0, 0x0000000003ec86c8]
Event: 4.853 Thread 0x0000000016487000 3334       3       sun.security.ssl.CipherSuite$KeyExchange::isAvailable (71 bytes)
Event: 4.853 Thread 0x0000000016487000 nmethod 3334 0x0000000003ec8790 code [0x0000000003ec8940, 0x0000000003ec8f48]
Event: 4.855 Thread 0x0000000016487000 3337       3       sun.security.ssl.SSLAlgorithmConstraints::permits (96 bytes)
Event: 4.856 Thread 0x0000000016487000 nmethod 3337 0x0000000003ec90d0 code [0x0000000003ec92c0, 0x0000000003ec9a98]
Event: 4.856 Thread 0x0000000016487000 3338       3       sun.security.util.AlgorithmDecomposer::decompose (336 bytes)
Event: 4.857 Thread 0x0000000016487000 nmethod 3338 0x0000000003ec9e10 code [0x0000000003eca200, 0x0000000003ecc3e8]

GC Heap History (10 events):
Event: 2.832 GC heap before
{Heap before GC invocations=4 (full 1):
 PSYoungGen      total 76288K, used 10746K [0x00000000f5580000, 0x00000000fea80000, 0x0000000100000000)
  eden space 65536K, 0% used [0x00000000f5580000,0x00000000f5580000,0x00000000f9580000)
  from space 10752K, 99% used [0x00000000f9580000,0x00000000f9ffe880,0x00000000fa000000)
  to   space 10752K, 0% used [0x00000000fe000000,0x00000000fe000000,0x00000000fea80000)
 ParOldGen       total 175104K, used 777K [0x00000000e0000000, 0x00000000eab00000, 0x00000000f5580000)
  object space 175104K, 0% used [0x00000000e0000000,0x00000000e00c26b8,0x00000000eab00000)
 Metaspace       used 20767K, capacity 21166K, committed 21296K, reserved 1067008K
  class space    used 3009K, capacity 3192K, committed 3200K, reserved 1048576K
Event: 2.861 GC heap after
Heap after GC invocations=4 (full 1):
 PSYoungGen      total 76288K, used 0K [0x00000000f5580000, 0x00000000fea80000, 0x0000000100000000)
  eden space 65536K, 0% used [0x00000000f5580000,0x00000000f5580000,0x00000000f9580000)
  from space 10752K, 0% used [0x00000000f9580000,0x00000000f9580000,0x00000000fa000000)
  to   space 10752K, 0% used [0x00000000fe000000,0x00000000fe000000,0x00000000fea80000)
 ParOldGen       total 175104K, used 11083K [0x00000000e0000000, 0x00000000eab00000, 0x00000000f5580000)
  object space 175104K, 6% used [0x00000000e0000000,0x00000000e0ad2f48,0x00000000eab00000)
 Metaspace       used 20767K, capacity 21166K, committed 21296K, reserved 1067008K
  class space    used 3009K, capacity 3192K, committed 3200K, reserved 1048576K
}
Event: 3.517 GC heap before
{Heap before GC invocations=5 (full 1):
 PSYoungGen      total 76288K, used 65536K [0x00000000f5580000, 0x00000000fea80000, 0x0000000100000000)
  eden space 65536K, 100% used [0x00000000f5580000,0x00000000f9580000,0x00000000f9580000)
  from space 10752K, 0% used [0x00000000f9580000,0x00000000f9580000,0x00000000fa000000)
  to   space 10752K, 0% used [0x00000000fe000000,0x00000000fe000000,0x00000000fea80000)
 ParOldGen       total 175104K, used 11083K [0x00000000e0000000, 0x00000000eab00000, 0x00000000f5580000)
  object space 175104K, 6% used [0x00000000e0000000,0x00000000e0ad2f48,0x00000000eab00000)
 Metaspace       used 28685K, capacity 29112K, committed 29568K, reserved 1075200K
  class space    used 3947K, capacity 4104K, committed 4224K, reserved 1048576K
Event: 3.522 GC heap after
Heap after GC invocations=5 (full 1):
 PSYoungGen      total 115200K, used 7911K [0x00000000f5580000, 0x00000000fe800000, 0x0000000100000000)
  eden space 107008K, 0% used [0x00000000f5580000,0x00000000f5580000,0x00000000fbe00000)
  from space 8192K, 96% used [0x00000000fe000000,0x00000000fe7b9c20,0x00000000fe800000)
  to   space 10752K, 0% used [0x00000000fd300000,0x00000000fd300000,0x00000000fdd80000)
 ParOldGen       total 175104K, used 11091K [0x00000000e0000000, 0x00000000eab00000, 0x00000000f5580000)
  object space 175104K, 6% used [0x00000000e0000000,0x00000000e0ad4f48,0x00000000eab00000)
 Metaspace       used 28685K, capacity 29112K, committed 29568K, reserved 1075200K
  class space    used 3947K, capacity 4104K, committed 4224K, reserved 1048576K
}
Event: 4.138 GC heap before
{Heap before GC invocations=6 (full 1):
 PSYoungGen      total 115200K, used 114919K [0x00000000f5580000, 0x00000000fe800000, 0x0000000100000000)
  eden space 107008K, 100% used [0x00000000f5580000,0x00000000fbe00000,0x00000000fbe00000)
  from space 8192K, 96% used [0x00000000fe000000,0x00000000fe7b9c20,0x00000000fe800000)
  to   space 10752K, 0% used [0x00000000fd300000,0x00000000fd300000,0x00000000fdd80000)
 ParOldGen       total 175104K, used 11091K [0x00000000e0000000, 0x00000000eab00000, 0x00000000f5580000)
  object space 175104K, 6% used [0x00000000e0000000,0x00000000e0ad4f48,0x00000000eab00000)
 Metaspace       used 33687K, capacity 34314K, committed 34688K, reserved 1079296K
  class space    used 4758K, capacity 4974K, committed 4992K, reserved 1048576K
Event: 4.147 GC heap after
Heap after GC invocations=6 (full 1):
 PSYoungGen      total 117760K, used 10751K [0x00000000f5580000, 0x00000000fe800000, 0x0000000100000000)
  eden space 107008K, 0% used [0x00000000f5580000,0x00000000f5580000,0x00000000fbe00000)
  from space 10752K, 99% used [0x00000000fd300000,0x00000000fdd7ff10,0x00000000fdd80000)
  to   space 8192K, 0% used [0x00000000fe000000,0x00000000fe000000,0x00000000fe800000)
 ParOldGen       total 175104K, used 12246K [0x00000000e0000000, 0x00000000eab00000, 0x00000000f5580000)
  object space 175104K, 6% used [0x00000000e0000000,0x00000000e0bf5b80,0x00000000eab00000)
 Metaspace       used 33687K, capacity 34314K, committed 34688K, reserved 1079296K
  class space    used 4758K, capacity 4974K, committed 4992K, reserved 1048576K
}
Event: 4.304 GC heap before
{Heap before GC invocations=7 (full 1):
 PSYoungGen      total 117760K, used 29005K [0x00000000f5580000, 0x00000000fe800000, 0x0000000100000000)
  eden space 107008K, 17% used [0x00000000f5580000,0x00000000f67536a8,0x00000000fbe00000)
  from space 10752K, 99% used [0x00000000fd300000,0x00000000fdd7ff10,0x00000000fdd80000)
  to   space 8192K, 0% used [0x00000000fe000000,0x00000000fe000000,0x00000000fe800000)
 ParOldGen       total 175104K, used 12246K [0x00000000e0000000, 0x00000000eab00000, 0x00000000f5580000)
  object space 175104K, 6% used [0x00000000e0000000,0x00000000e0bf5b80,0x00000000eab00000)
 Metaspace       used 34629K, capacity 35360K, committed 35496K, reserved 1079296K
  class space    used 4904K, capacity 5097K, committed 5120K, reserved 1048576K
Event: 4.309 GC heap after
Heap after GC invocations=7 (full 1):
 PSYoungGen      total 115200K, used 8179K [0x00000000f5580000, 0x00000000fe800000, 0x0000000100000000)
  eden space 107008K, 0% used [0x00000000f5580000,0x00000000f5580000,0x00000000fbe00000)
  from space 8192K, 99% used [0x00000000fe000000,0x00000000fe7fcd48,0x00000000fe800000)
  to   space 10752K, 0% used [0x00000000fd300000,0x00000000fd300000,0x00000000fdd80000)
 ParOldGen       total 175104K, used 12833K [0x00000000e0000000, 0x00000000eab00000, 0x00000000f5580000)
  object space 175104K, 7% used [0x00000000e0000000,0x00000000e0c884f0,0x00000000eab00000)
 Metaspace       used 34629K, capacity 35360K, committed 35496K, reserved 1079296K
  class space    used 4904K, capacity 5097K, committed 5120K, reserved 1048576K
}
Event: 4.309 GC heap before
{Heap before GC invocations=8 (full 2):
 PSYoungGen      total 115200K, used 8179K [0x00000000f5580000, 0x00000000fe800000, 0x0000000100000000)
  eden space 107008K, 0% used [0x00000000f5580000,0x00000000f5580000,0x00000000fbe00000)
  from space 8192K, 99% used [0x00000000fe000000,0x00000000fe7fcd48,0x00000000fe800000)
  to   space 10752K, 0% used [0x00000000fd300000,0x00000000fd300000,0x00000000fdd80000)
 ParOldGen       total 175104K, used 12833K [0x00000000e0000000, 0x00000000eab00000, 0x00000000f5580000)
  object space 175104K, 7% used [0x00000000e0000000,0x00000000e0c884f0,0x00000000eab00000)
 Metaspace       used 34629K, capacity 35360K, committed 35496K, reserved 1079296K
  class space    used 4904K, capacity 5097K, committed 5120K, reserved 1048576K
Event: 4.348 GC heap after
Heap after GC invocations=8 (full 2):
 PSYoungGen      total 115200K, used 0K [0x00000000f5580000, 0x00000000fe800000, 0x0000000100000000)
  eden space 107008K, 0% used [0x00000000f5580000,0x00000000f5580000,0x00000000fbe00000)
  from space 8192K, 0% used [0x00000000fe000000,0x00000000fe000000,0x00000000fe800000)
  to   space 10752K, 0% used [0x00000000fd300000,0x00000000fd300000,0x00000000fdd80000)
 ParOldGen       total 175104K, used 16301K [0x00000000e0000000, 0x00000000eab00000, 0x00000000f5580000)
  object space 175104K, 9% used [0x00000000e0000000,0x00000000e0feb560,0x00000000eab00000)
 Metaspace       used 34607K, capacity 35288K, committed 35496K, reserved 1079296K
  class space    used 4897K, capacity 5085K, committed 5120K, reserved 1048576K
}

Deoptimization events (10 events):
Event: 4.470 Thread 0x000000001921c000 Uncommon trap: reason=unstable_if action=reinterpret pc=0x0000000003923de4 method=java.lang.String.regionMatches(ZILjava/lang/String;II)Z @ 123
Event: 4.551 Thread 0x000000001921c000 Uncommon trap: reason=class_check action=maybe_recompile pc=0x00000000038be300 method=java.util.jar.JarFile.getJarEntry(Ljava/lang/String;)Ljava/util/jar/JarEntry; @ 2
Event: 4.551 Thread 0x000000001921c000 Uncommon trap: reason=class_check action=maybe_recompile pc=0x00000000038be300 method=java.util.jar.JarFile.getJarEntry(Ljava/lang/String;)Ljava/util/jar/JarEntry; @ 2
Event: 4.551 Thread 0x000000001921c000 Uncommon trap: reason=class_check action=maybe_recompile pc=0x00000000038be300 method=java.util.jar.JarFile.getJarEntry(Ljava/lang/String;)Ljava/util/jar/JarEntry; @ 2
Event: 4.552 Thread 0x000000001921c000 Uncommon trap: reason=bimorphic action=maybe_recompile pc=0x0000000003ce5480 method=java.io.BufferedInputStream.read([BII)I @ 101
Event: 4.552 Thread 0x000000001921c000 Uncommon trap: reason=unstable_if action=reinterpret pc=0x0000000003ce5330 method=java.io.BufferedInputStream.read([BII)I @ 56
Event: 4.640 Thread 0x000000001921c000 Uncommon trap: reason=unstable_if action=reinterpret pc=0x0000000003bfdcc0 method=java.lang.AbstractStringBuilder.append(I)Ljava/lang/AbstractStringBuilder; @ 16
Event: 4.661 Thread 0x000000001921c000 Uncommon trap: reason=unstable_if action=reinterpret pc=0x00000000034447dc method=java.lang.CharacterDataLatin1.digit(II)I @ 82
Event: 4.806 Thread 0x000000001921c000 Uncommon trap: reason=unstable_if action=reinterpret pc=0x000000000345885c method=java.lang.CharacterDataLatin1.digit(II)I @ 82
Event: 4.825 Thread 0x000000001921c000 Uncommon trap: reason=class_check action=maybe_recompile pc=0x00000000038be300 method=java.util.jar.JarFile.getJarEntry(Ljava/lang/String;)Ljava/util/jar/JarEntry; @ 2

Classes redefined (0 events):
No events

Internal exceptions (10 events):
Event: 3.857 Thread 0x000000001921c000 Exception <a 'java/security/PrivilegedActionException'> (0x00000000f97c00d8) thrown at [C:\re\workspace\8-2-build-windows-amd64-cygwin\jdk8u181\11358\hotspot\src\share\vm\prims\jvm.cpp, line 1435]
Event: 3.857 Thread 0x000000001921c000 Exception <a 'java/security/PrivilegedActionException'> (0x00000000f97cd350) thrown at [C:\re\workspace\8-2-build-windows-amd64-cygwin\jdk8u181\11358\hotspot\src\share\vm\prims\jvm.cpp, line 1435]
Event: 3.857 Thread 0x000000001921c000 Exception <a 'java/security/PrivilegedActionException'> (0x00000000f97ce0d0) thrown at [C:\re\workspace\8-2-build-windows-amd64-cygwin\jdk8u181\11358\hotspot\src\share\vm\prims\jvm.cpp, line 1435]
Event: 3.857 Thread 0x000000001921c000 Exception <a 'java/lang/ClassNotFoundException': org/codehaus/groovy/runtime/GStringImplCustomizer> (0x00000000f97d9e20) thrown at [C:\re\workspace\8-2-build-windows-amd64-cygwin\jdk8u181\11358\hotspot\src\share\vm\classfile\systemDictionary.cpp, line 210
Event: 4.237 Thread 0x000000001921c000 Exception <a 'java/lang/ClassNotFoundException': build_hj51wol7fq5kasp7zepbnzm3BeanInfo> (0x00000000f6253d60) thrown at [C:\re\workspace\8-2-build-windows-amd64-cygwin\jdk8u181\11358\hotspot\src\share\vm\classfile\systemDictionary.cpp, line 210]
Event: 4.237 Thread 0x000000001921c000 Exception <a 'java/lang/ClassNotFoundException': build_hj51wol7fq5kasp7zepbnzm3Customizer> (0x00000000f625fb10) thrown at [C:\re\workspace\8-2-build-windows-amd64-cygwin\jdk8u181\11358\hotspot\src\share\vm\classfile\systemDictionary.cpp, line 210]
Event: 4.267 Thread 0x000000001921c000 Exception <a 'java/lang/ClassNotFoundException': org/gradle/api/internal/plugins/DefaultObjectConfigurationActionBeanInfo> (0x00000000f6357a88) thrown at [C:\re\workspace\8-2-build-windows-amd64-cygwin\jdk8u181\11358\hotspot\src\share\vm\classfile\systemD
Event: 4.267 Thread 0x000000001921c000 Exception <a 'java/lang/ClassNotFoundException': org/gradle/api/internal/plugins/DefaultObjectConfigurationActionCustomizer> (0x00000000f6391688) thrown at [C:\re\workspace\8-2-build-windows-amd64-cygwin\jdk8u181\11358\hotspot\src\share\vm\classfile\syste
Event: 4.372 Thread 0x000000001921c000 Implicit null exception at 0x0000000003b5e58c to 0x0000000003b60269
Event: 4.382 Thread 0x000000001921c000 Implicit null exception at 0x0000000003db5ae8 to 0x0000000003db6021

Events (10 events):
Event: 4.855 loading class sun/security/ssl/ExtensionType
Event: 4.855 loading class sun/security/ssl/ExtensionType done
Event: 4.855 loading class sun/security/ssl/EllipticPointFormatsExtension
Event: 4.856 loading class sun/security/ssl/EllipticPointFormatsExtension done
Event: 4.856 loading class sun/security/ssl/SignatureAlgorithmsExtension
Event: 4.856 loading class sun/security/ssl/SignatureAlgorithmsExtension done
Event: 4.856 loading class sun/security/ssl/ExtendedMasterSecretExtension
Event: 4.856 loading class sun/security/ssl/ExtendedMasterSecretExtension done
Event: 4.856 loading class sun/security/ssl/ServerNameExtension
Event: 4.856 loading class sun/security/ssl/ServerNameExtension done


Dynamic libraries:
0x00007ff7deb10000 - 0x00007ff7deb47000 	C:\Program Files\Java\jdk1.8.0_181\bin\java.exe
0x00007ffa923d0000 - 0x00007ffa925c6000 	C:\Windows\SYSTEM32\ntdll.dll
0x00007ffa90850000 - 0x00007ffa9090d000 	C:\Windows\System32\KERNEL32.DLL
0x00007ffa8ff10000 - 0x00007ffa901d8000 	C:\Windows\System32\KERNELBASE.dll
0x00007ffa91dc0000 - 0x00007ffa91e6a000 	C:\Windows\System32\ADVAPI32.dll
0x00007ffa91490000 - 0x00007ffa9152e000 	C:\Windows\System32\msvcrt.dll
0x00007ffa92030000 - 0x00007ffa920cb000 	C:\Windows\System32\sechost.dll
0x00007ffa91e80000 - 0x00007ffa91fa4000 	C:\Windows\System32\RPCRT4.dll
0x00007ffa916e0000 - 0x00007ffa91880000 	C:\Windows\System32\USER32.dll
0x00007ffa8fd80000 - 0x00007ffa8fda2000 	C:\Windows\System32\win32u.dll
0x00007ffa920d0000 - 0x00007ffa920fa000 	C:\Windows\System32\GDI32.dll
0x00007ffa8fbc0000 - 0x00007ffa8fcc9000 	C:\Windows\System32\gdi32full.dll
0x00007ffa8fb20000 - 0x00007ffa8fbbd000 	C:\Windows\System32\msvcp_win.dll
0x00007ffa901e0000 - 0x00007ffa902e0000 	C:\Windows\System32\ucrtbase.dll
0x00007ffa84ca0000 - 0x00007ffa84f3b000 	C:\Windows\WinSxS\amd64_microsoft.windows.common-controls_6595b64144ccf1df_6.0.19041.488_none_ca04af081b815d21\COMCTL32.dll
0x00007ffa90440000 - 0x00007ffa90470000 	C:\Windows\System32\IMM32.DLL
0x000000005e830000 - 0x000000005e902000 	C:\Program Files\Java\jdk1.8.0_181\jre\bin\msvcr100.dll
0x000000005df80000 - 0x000000005e822000 	C:\Program Files\Java\jdk1.8.0_181\jre\bin\server\jvm.dll
0x00007ffa91e70000 - 0x00007ffa91e78000 	C:\Windows\System32\PSAPI.DLL
0x00007ffa8b8d0000 - 0x00007ffa8b8d9000 	C:\Windows\SYSTEM32\WSOCK32.dll
0x00007ffa854e0000 - 0x00007ffa85507000 	C:\Windows\SYSTEM32\WINMM.dll
0x00007ffa88510000 - 0x00007ffa8851a000 	C:\Windows\SYSTEM32\VERSION.dll
0x00007ffa91fc0000 - 0x00007ffa9202b000 	C:\Windows\System32\WS2_32.dll
0x0000000060790000 - 0x000000006079f000 	C:\Program Files\Java\jdk1.8.0_181\jre\bin\verify.dll
0x0000000060760000 - 0x0000000060789000 	C:\Program Files\Java\jdk1.8.0_181\jre\bin\java.dll
0x0000000060740000 - 0x0000000060756000 	C:\Program Files\Java\jdk1.8.0_181\jre\bin\zip.dll
0x00007ffa90ce0000 - 0x00007ffa91420000 	C:\Windows\System32\SHELL32.dll
0x00007ffa8dc90000 - 0x00007ffa8e424000 	C:\Windows\SYSTEM32\windows.storage.dll
0x00007ffa904f0000 - 0x00007ffa90845000 	C:\Windows\System32\combase.dll
0x00007ffa8f520000 - 0x00007ffa8f54c000 	C:\Windows\SYSTEM32\Wldp.dll
0x00007ffa90b40000 - 0x00007ffa90bee000 	C:\Windows\System32\SHCORE.dll
0x00007ffa91430000 - 0x00007ffa91485000 	C:\Windows\System32\shlwapi.dll
0x00007ffa8fa50000 - 0x00007ffa8fa76000 	C:\Windows\SYSTEM32\profapi.dll
0x00000000604d0000 - 0x00000000604ea000 	C:\Program Files\Java\jdk1.8.0_181\jre\bin\net.dll
0x00007ffa8f240000 - 0x00007ffa8f2aa000 	C:\Windows\system32\mswsock.dll
0x00000000604b0000 - 0x00000000604c1000 	C:\Program Files\Java\jdk1.8.0_181\jre\bin\nio.dll
0x00007ffa7dcf0000 - 0x00007ffa7dd16000 	C:\Users\wildt\.gradle\native\29\windows-amd64\native-platform.dll
0x0000000060730000 - 0x000000006073d000 	C:\Program Files\Java\jdk1.8.0_181\jre\bin\management.dll
0x00007ffa8f470000 - 0x00007ffa8f488000 	C:\Windows\SYSTEM32\CRYPTSP.dll
0x00007ffa8ebd0000 - 0x00007ffa8ec04000 	C:\Windows\system32\rsaenh.dll
0x00007ffa90410000 - 0x00007ffa90437000 	C:\Windows\System32\bcrypt.dll
0x00007ffa8fa10000 - 0x00007ffa8fa3e000 	C:\Windows\SYSTEM32\USERENV.dll
0x00007ffa90390000 - 0x00007ffa9040f000 	C:\Windows\System32\bcryptprimitives.dll
0x00007ffa8f490000 - 0x00007ffa8f49c000 	C:\Windows\SYSTEM32\CRYPTBASE.dll
0x00007ffa8ef30000 - 0x00007ffa8ef6b000 	C:\Windows\SYSTEM32\IPHLPAPI.DLL
0x00007ffa91fb0000 - 0x00007ffa91fb9000 	C:\Windows\System32\NSI.dll
0x00007ffa885a0000 - 0x00007ffa885b7000 	C:\Windows\SYSTEM32\dhcpcsvc6.DLL
0x00007ffa88580000 - 0x00007ffa8859d000 	C:\Windows\SYSTEM32\dhcpcsvc.DLL
0x00007ffa8ef70000 - 0x00007ffa8f03b000 	C:\Windows\SYSTEM32\DNSAPI.dll
0x0000000060480000 - 0x00000000604a4000 	C:\Program Files\Java\jdk1.8.0_181\jre\bin\sunec.dll
0x0000000060470000 - 0x000000006047b000 	C:\Program Files\Java\jdk1.8.0_181\jre\bin\sunmscapi.dll
0x00007ffa8fdb0000 - 0x00007ffa8ff0d000 	C:\Windows\System32\CRYPT32.dll
0x00007ffa86830000 - 0x00007ffa8683a000 	C:\Windows\System32\rasadhlp.dll
0x00007ffa82ee0000 - 0x00007ffa82f5f000 	C:\Windows\System32\fwpuclnt.dll

VM Arguments:
jvm_args: -XX:MaxMetaspaceSize=256m -XX:+HeapDumpOnOutOfMemoryError -Xms256m -Xmx512m -Dfile.encoding=windows-1251 -Duser.country=RU -Duser.language=ru -Duser.variant 
java_command: org.gradle.launcher.daemon.bootstrap.GradleDaemon 5.3
java_class_path (initial): C:\Users\wildt\.gradle\wrapper\dists\gradle-5.3-bin\9tevgwefmd5lgaxkzkt5jgvch\gradle-5.3\lib\gradle-launcher-5.3.jar
Launcher Type: SUN_STANDARD

Environment Variables:
PATH=C:\Program Files (x86)\Common Files\Oracle\Java\javapath;C:\Windows\system32;C:\Windows;C:\Windows\System32\Wbem;C:\Windows\System32\WindowsPowerShell\v1.0\;C:\Windows\System32\OpenSSH\;C:\Program Files\dotnet\;C:\Program Files\Microsoft SQL Server\130\Tools\Binn\;C:\Program Files\Microsoft SQL Server\Client SDK\ODBC\170\Tools\Binn\;C:\Users\wildt\AppData\Local\Microsoft\WindowsApps;C:\Program Files\JetBrains\IntelliJ IDEA Community Edition 2020.2.3\bin;;C:\Users\wildt\AppData\Local\GitHubDesktop\bin;C:\Users\wildt\.dotnet\tools
USERNAME=wildt
OS=Windows_NT
PROCESSOR_IDENTIFIER=AMD64 Family 23 Model 8 Stepping 2, AuthenticAMD



---------------  S Y S T E M  ---------------

OS: Windows 10.0 , 64 bit Build 19041 (10.0.19041.546)

CPU:total 12 (initial active 12) (12 cores per cpu, 1 threads per core) family 23 model 8 stepping 2, cmov, cx8, fxsr, mmx, sse, sse2, sse3, ssse3, sse4.1, sse4.2, popcnt, avx, avx2, aes, clmul, mmxext, 3dnowpref, lzcnt, sse4a, tsc, tscinvbit, tscinv, bmi1

Memory: 4k page, physical 16724200k(85304k free), swap 67055848k(5424k free)

vm_info: Java HotSpot(TM) 64-Bit Server VM (25.181-b13) for windows-amd64 JRE (1.8.0_181-b13), built on Jul  7 2018 04:01:33 by "java_re" with MS VC++ 10.0 (VS2010)

time: Tue Nov 10 08:04:41 2020
elapsed time: 4 seconds (0d 0h 0m 4s)

